2017/08/03 14:48:07 [error] [php] include(require.php): failed to open stream: No such file or directory (D:\xampp\htdocs\yii\framework\YiiBase.php:423)
Stack trace:
#0 D:\xampp\htdocs\yii\framework\validators\CValidator.php(187): import()
#1 D:\xampp\htdocs\yii\framework\base\CModel.php(285): createValidator()
#2 D:\xampp\htdocs\yii\framework\base\CModel.php(259): PersonalDetails->createValidators()
#3 D:\xampp\htdocs\yii\framework\base\CModel.php(302): PersonalDetails->getValidators()
#4 D:\xampp\htdocs\yii\framework\web\helpers\CHtml.php(1197): PersonalDetails->isAttributeRequired()
#5 D:\xampp\htdocs\yii\framework\web\widgets\CActiveForm.php(563): activeLabelEx()
#6 D:\xampp\htdocs\cruddemo\protected\views\personalDetails\_form.php(19): CActiveForm->labelEx()
#7 D:\xampp\htdocs\yii\framework\web\CBaseController.php(127): require()
#8 D:\xampp\htdocs\yii\framework\web\CBaseController.php(96): PersonalDetailsController->renderInternal()
#9 D:\xampp\htdocs\yii\framework\web\CController.php(870): PersonalDetailsController->renderFile()
#10 D:\xampp\htdocs\cruddemo\protected\views\personalDetails\create.php(18): PersonalDetailsController->renderPartial()
#11 D:\xampp\htdocs\yii\framework\web\CBaseController.php(127): require()
#12 D:\xampp\htdocs\yii\framework\web\CBaseController.php(96): PersonalDetailsController->renderInternal()
#13 D:\xampp\htdocs\yii\framework\web\CController.php(870): PersonalDetailsController->renderFile()
#14 D:\xampp\htdocs\yii\framework\web\CController.php(783): PersonalDetailsController->renderPartial()
#15 D:\xampp\htdocs\cruddemo\protected\controllers\PersonalDetailsController.php(79): PersonalDetailsController->render()
#16 D:\xampp\htdocs\yii\framework\web\actions\CInlineAction.php(50): PersonalDetailsController->actionCreate()
#17 D:\xampp\htdocs\yii\framework\web\CController.php(309): CInlineAction->runWithParams()
#18 D:\xampp\htdocs\yii\framework\web\filters\CFilterChain.php(134): PersonalDetailsController->runAction()
#19 D:\xampp\htdocs\yii\framework\web\filters\CFilter.php(41): CFilterChain->run()
#20 D:\xampp\htdocs\yii\framework\web\CController.php(1146): CAccessControlFilter->filter()
#21 D:\xampp\htdocs\yii\framework\web\filters\CInlineFilter.php(59): PersonalDetailsController->filterAccessControl()
#22 D:\xampp\htdocs\yii\framework\web\filters\CFilterChain.php(131): CInlineFilter->filter()
#23 D:\xampp\htdocs\yii\framework\web\CController.php(292): CFilterChain->run()
#24 D:\xampp\htdocs\yii\framework\web\CController.php(266): PersonalDetailsController->runActionWithFilters()
#25 D:\xampp\htdocs\yii\framework\web\CWebApplication.php(283): PersonalDetailsController->run()
#26 D:\xampp\htdocs\yii\framework\web\CWebApplication.php(142): CWebApplication->runController()
#27 D:\xampp\htdocs\yii\framework\base\CApplication.php(162): CWebApplication->processRequest()
#28 D:\xampp\htdocs\cruddemo\index.php(13): CWebApplication->run()
REQUEST_URI=/cruddemo/index.php?r=personalDetails/create
in D:\xampp\htdocs\cruddemo\protected\views\personalDetails\_form.php (19)
in D:\xampp\htdocs\cruddemo\protected\views\personalDetails\create.php (18)
in D:\xampp\htdocs\cruddemo\protected\controllers\PersonalDetailsController.php (79)
2017/08/03 21:48:39 [error] [exception.CDbException] exception 'CDbException' with message 'CDbConnection failed to open the DB connection: SQLSTATE[28000] [1045] Access denied for user 'root'@'localhost' (using password: NO)' in /var/www/html/yii/framework/db/CDbConnection.php:382
Stack trace:
#0 /var/www/html/yii/framework/db/CDbConnection.php(331): CDbConnection->open()
#1 /var/www/html/yii/framework/db/CDbConnection.php(309): CDbConnection->setActive(true)
#2 /var/www/html/yii/framework/base/CModule.php(388): CDbConnection->init()
#3 /var/www/html/yii/framework/base/CApplication.php(431): CModule->getComponent('db')
#4 /var/www/html/yii/framework/db/ar/CActiveRecord.php(624): CApplication->getDb()
#5 /var/www/html/yii/framework/db/ar/CActiveRecord.php(2311): CActiveRecord->getDbConnection()
#6 /var/www/html/yii/framework/db/ar/CActiveRecord.php(388): CActiveRecordMetaData->__construct(Object(PersonalDetails))
#7 /var/www/html/yii/framework/db/ar/CActiveRecord.php(403): CActiveRecord::model('PersonalDetails')
#8 /var/www/html/yii/framework/db/ar/CActiveRecord.php(78): CActiveRecord->getMetaData()
#9 /var/www/html/cruddemo/protected/controllers/PersonalDetailsController.php(136): CActiveRecord->__construct('search')
#10 /var/www/html/yii/framework/web/actions/CInlineAction.php(50): PersonalDetailsController->actionAdmin()
#11 /var/www/html/yii/framework/web/CController.php(309): CInlineAction->runWithParams(Array)
#12 /var/www/html/yii/framework/web/filters/CFilterChain.php(134): CController->runAction(Object(CInlineAction))
#13 /var/www/html/yii/framework/web/filters/CFilter.php(41): CFilterChain->run()
#14 /var/www/html/yii/framework/web/CController.php(1146): CFilter->filter(Object(CFilterChain))
#15 /var/www/html/yii/framework/web/filters/CInlineFilter.php(59): CController->filterAccessControl(Object(CFilterChain))
#16 /var/www/html/yii/framework/web/filters/CFilterChain.php(131): CInlineFilter->filter(Object(CFilterChain))
#17 /var/www/html/yii/framework/web/CController.php(292): CFilterChain->run()
#18 /var/www/html/yii/framework/web/CController.php(266): CController->runActionWithFilters(Object(CInlineAction), Array)
#19 /var/www/html/yii/framework/web/CWebApplication.php(283): CController->run('admin')
#20 /var/www/html/yii/framework/web/CWebApplication.php(142): CWebApplication->runController('PersonalDetails...')
#21 /var/www/html/yii/framework/base/CApplication.php(162): CWebApplication->processRequest()
#22 /var/www/html/cruddemo/index.php(13): CApplication->run()
#23 {main}
REQUEST_URI=/cruddemo/index.php?r=PersonalDetails/admin
HTTP_REFERER=http://localhost/cruddemo/
---
2017/08/03 22:07:04 [error] [exception.CException] exception 'CException' with message 'Property "CJuiDatePicker.dateFormat" is not defined.' in /var/www/html/yii/framework/base/CComponent.php:174
Stack trace:
#0 /var/www/html/yii/framework/web/CWidgetFactory.php(162): CComponent->__set('dateFormat', 'dd-mm-YYYY')
#1 /var/www/html/yii/framework/web/CBaseController.php(147): CWidgetFactory->createWidget(Object(PersonalDetailsController), 'zii.widgets.jui...', Array)
#2 /var/www/html/yii/framework/web/CBaseController.php(173): CBaseController->createWidget('zii.widgets.jui...', Array)
#3 /var/www/html/cruddemo/protected/views/personalDetails/_form.php(61): CBaseController->widget('zii.widgets.jui...', Array)
#4 /var/www/html/yii/framework/web/CBaseController.php(127): require('/var/www/html/c...')
#5 /var/www/html/yii/framework/web/CBaseController.php(96): CBaseController->renderInternal('/var/www/html/c...', Array, true)
#6 /var/www/html/yii/framework/web/CController.php(870): CBaseController->renderFile('/var/www/html/c...', Array, true)
#7 /var/www/html/cruddemo/protected/views/personalDetails/update.php(21): CController->renderPartial('_form', Array)
#8 /var/www/html/yii/framework/web/CBaseController.php(127): require('/var/www/html/c...')
#9 /var/www/html/yii/framework/web/CBaseController.php(96): CBaseController->renderInternal('/var/www/html/c...', Array, true)
#10 /var/www/html/yii/framework/web/CController.php(870): CBaseController->renderFile('/var/www/html/c...', Array, true)
#11 /var/www/html/yii/framework/web/CController.php(783): CController->renderPartial('update', Array, true)
#12 /var/www/html/cruddemo/protected/controllers/PersonalDetailsController.php(103): CController->render('update', Array)
#13 [internal function]: PersonalDetailsController->actionUpdate('1')
#14 /var/www/html/yii/framework/web/actions/CAction.php(107): ReflectionMethod->invokeArgs(Object(PersonalDetailsController), Array)
#15 /var/www/html/yii/framework/web/actions/CInlineAction.php(48): CAction->runWithParamsInternal(Object(PersonalDetailsController), Object(ReflectionMethod), Array)
#16 /var/www/html/yii/framework/web/CController.php(309): CInlineAction->runWithParams(Array)
#17 /var/www/html/yii/framework/web/filters/CFilterChain.php(134): CController->runAction(Object(CInlineAction))
#18 /var/www/html/yii/framework/web/filters/CFilter.php(41): CFilterChain->run()
#19 /var/www/html/yii/framework/web/CController.php(1146): CFilter->filter(Object(CFilterChain))
#20 /var/www/html/yii/framework/web/filters/CInlineFilter.php(59): CController->filterAccessControl(Object(CFilterChain))
#21 /var/www/html/yii/framework/web/filters/CFilterChain.php(131): CInlineFilter->filter(Object(CFilterChain))
#22 /var/www/html/yii/framework/web/CController.php(292): CFilterChain->run()
#23 /var/www/html/yii/framework/web/CController.php(266): CController->runActionWithFilters(Object(CInlineAction), Array)
#24 /var/www/html/yii/framework/web/CWebApplication.php(283): CController->run('update')
#25 /var/www/html/yii/framework/web/CWebApplication.php(142): CWebApplication->runController('personalDetails...')
#26 /var/www/html/yii/framework/base/CApplication.php(162): CWebApplication->processRequest()
#27 /var/www/html/cruddemo/index.php(13): CApplication->run()
#28 {main}
REQUEST_URI=/cruddemo/index.php?r=personalDetails/update&id=1
HTTP_REFERER=http://localhost/cruddemo/index.php?r=personalDetails/admin
---
2017/08/03 22:22:38 [error] [exception.CException] exception 'CException' with message 'Property "CJuiDatePicker.changeMonth" is not defined.' in /var/www/html/yii/framework/base/CComponent.php:174
Stack trace:
#0 /var/www/html/yii/framework/web/CWidgetFactory.php(162): CComponent->__set('changeMonth', 'true')
#1 /var/www/html/yii/framework/web/CBaseController.php(147): CWidgetFactory->createWidget(Object(PersonalDetailsController), 'zii.widgets.jui...', Array)
#2 /var/www/html/yii/framework/web/CBaseController.php(173): CBaseController->createWidget('zii.widgets.jui...', Array)
#3 /var/www/html/cruddemo/protected/views/personalDetails/_form.php(65): CBaseController->widget('zii.widgets.jui...', Array)
#4 /var/www/html/yii/framework/web/CBaseController.php(127): require('/var/www/html/c...')
#5 /var/www/html/yii/framework/web/CBaseController.php(96): CBaseController->renderInternal('/var/www/html/c...', Array, true)
#6 /var/www/html/yii/framework/web/CController.php(870): CBaseController->renderFile('/var/www/html/c...', Array, true)
#7 /var/www/html/cruddemo/protected/views/personalDetails/update.php(21): CController->renderPartial('_form', Array)
#8 /var/www/html/yii/framework/web/CBaseController.php(127): require('/var/www/html/c...')
#9 /var/www/html/yii/framework/web/CBaseController.php(96): CBaseController->renderInternal('/var/www/html/c...', Array, true)
#10 /var/www/html/yii/framework/web/CController.php(870): CBaseController->renderFile('/var/www/html/c...', Array, true)
#11 /var/www/html/yii/framework/web/CController.php(783): CController->renderPartial('update', Array, true)
#12 /var/www/html/cruddemo/protected/controllers/PersonalDetailsController.php(103): CController->render('update', Array)
#13 [internal function]: PersonalDetailsController->actionUpdate('2')
#14 /var/www/html/yii/framework/web/actions/CAction.php(107): ReflectionMethod->invokeArgs(Object(PersonalDetailsController), Array)
#15 /var/www/html/yii/framework/web/actions/CInlineAction.php(48): CAction->runWithParamsInternal(Object(PersonalDetailsController), Object(ReflectionMethod), Array)
#16 /var/www/html/yii/framework/web/CController.php(309): CInlineAction->runWithParams(Array)
#17 /var/www/html/yii/framework/web/filters/CFilterChain.php(134): CController->runAction(Object(CInlineAction))
#18 /var/www/html/yii/framework/web/filters/CFilter.php(41): CFilterChain->run()
#19 /var/www/html/yii/framework/web/CController.php(1146): CFilter->filter(Object(CFilterChain))
#20 /var/www/html/yii/framework/web/filters/CInlineFilter.php(59): CController->filterAccessControl(Object(CFilterChain))
#21 /var/www/html/yii/framework/web/filters/CFilterChain.php(131): CInlineFilter->filter(Object(CFilterChain))
#22 /var/www/html/yii/framework/web/CController.php(292): CFilterChain->run()
#23 /var/www/html/yii/framework/web/CController.php(266): CController->runActionWithFilters(Object(CInlineAction), Array)
#24 /var/www/html/yii/framework/web/CWebApplication.php(283): CController->run('update')
#25 /var/www/html/yii/framework/web/CWebApplication.php(142): CWebApplication->runController('personalDetails...')
#26 /var/www/html/yii/framework/base/CApplication.php(162): CWebApplication->processRequest()
#27 /var/www/html/cruddemo/index.php(13): CApplication->run()
#28 {main}
REQUEST_URI=/cruddemo/index.php?r=personalDetails/update&id=2
HTTP_REFERER=http://localhost/cruddemo/index.php?r=personalDetails/admin&id=2
---
